#
# There is insufficient memory for the Java Runtime Environment to continue.
# Native memory allocation (malloc) failed to allocate 1048576 bytes for AllocateHeap
# Possible reasons:
#   The system is out of physical RAM or swap space
#   The process is running with CompressedOops enabled, and the Java Heap may be blocking the growth of the native heap
# Possible solutions:
#   Reduce memory load on the system
#   Increase physical memory or swap space
#   Check if swap backing store is full
#   Decrease Java heap size (-Xmx/-Xms)
#   Decrease number of Java threads
#   Decrease Java thread stack sizes (-Xss)
#   Set larger code cache with -XX:ReservedCodeCacheSize=
# This output file may be truncated or incomplete.
#
#  Out of Memory Error (t:/workspace/open/src/hotspot/share/memory/allocation.cpp:46), pid=18956, tid=12644
#
# JRE version:  (12.0.2+10) (build )
# Java VM: Java HotSpot(TM) 64-Bit Server VM (12.0.2+10, mixed mode, aot, sharing, tiered, compressed oops, g1 gc, windows-amd64)
# No core dump will be written. Minidumps are not enabled by default on client versions of Windows
#

---------------  S U M M A R Y ------------

Command Line: -Dfile.encoding=Cp1252 Examen

Host: Intel(R) Core(TM) i3-6006U CPU @ 2.00GHz, 4 cores, 3G,  Windows 10 , 64 bit Build 18362 (10.0.18362.329)
Time: Fri Dec  6 23:00:41 2019 GTB Standard Time elapsed time: 0 seconds (0d 0h 0m 0s)

---------------  T H R E A D  ---------------

Current thread (0x000002987bd47000):  JavaThread "Unknown thread" [_thread_in_vm, id=12644, stack(0x000000a919300000,0x000000a919400000)]

Stack: [0x000000a919300000,0x000000a919400000]
Native frames: (J=compiled Java code, j=interpreted, Vv=VM code, C=native code)
V  [jvm.dll+0x63aa2a]
V  [jvm.dll+0x78ce1e]
V  [jvm.dll+0x78e4c1]
V  [jvm.dll+0x78eb13]
V  [jvm.dll+0x2627e8]
V  [jvm.dll+0xbcabf]
V  [jvm.dll+0x300a83]
V  [jvm.dll+0x2f9695]
V  [jvm.dll+0x767267]
V  [jvm.dll+0x7689f5]
V  [jvm.dll+0x380059]
V  [jvm.dll+0x74b794]
V  [jvm.dll+0x3ef5cd]
V  [jvm.dll+0x3f1471]
C  [jli.dll+0x51cf]
C  [ucrtbase.dll+0x20e72]
C  [KERNEL32.DLL+0x17bd4]
C  [ntdll.dll+0x6ced1]


---------------  P R O C E S S  ---------------

Threads class SMR info:
_java_thread_list=0x00007fff54f17928, length=0, elements={
}

Java Threads: ( => current thread )

Other Threads:
  0x000002987bd74800 GCTaskThread "GC Thread#0" [stack: 0x000000a919400000,0x000000a919500000] [id=10856]

[error occurred during error reporting (printing all threads), id 0xc0000005, EXCEPTION_ACCESS_VIOLATION (0xc0000005) at pc=0x00007fff54745680]

VM state:not at safepoint (not fully initialized)

VM Mutex/Monitor currently owned by a thread:  ([mutex/lock_event])
[0x000002987bd431f0] Heap_lock - owner thread: 0x000002987bd47000

Heap address: 0x00000000c2200000, size: 990 MB, Compressed Oops mode: Non-zero based: 0x00000000c2200000
Narrow klass base: 0x0000000000000000, Narrow klass shift: 0

GC Heap History (0 events):
No events

Deoptimization events (0 events):
No events

Classes redefined (0 events):
No events

Internal exceptions (0 events):
No events

Events (0 events):
No events


Dynamic libraries:
0x00007ff69a200000 - 0x00007ff69a20f000 	C:\Program Files\Java\jdk-12.0.2\bin\javaw.exe
0x00007fff8fd40000 - 0x00007fff8ff30000 	C:\WINDOWS\SYSTEM32\ntdll.dll
0x00007fff8fc40000 - 0x00007fff8fcf2000 	C:\WINDOWS\System32\KERNEL32.DLL
0x00007fff8d820000 - 0x00007fff8dac3000 	C:\WINDOWS\System32\KERNELBASE.dll
0x00007fff8cd70000 - 0x00007fff8ce6a000 	C:\WINDOWS\System32\ucrtbase.dll
0x00007fff87790000 - 0x00007fff877a8000 	C:\Program Files\Java\jdk-12.0.2\bin\jli.dll
0x00007fff85ad0000 - 0x00007fff85ae6000 	C:\Program Files\Java\jdk-12.0.2\bin\VCRUNTIME140.dll
0x00007fff8e520000 - 0x00007fff8e5c3000 	C:\WINDOWS\System32\ADVAPI32.dll
0x00007fff8ea40000 - 0x00007fff8eade000 	C:\WINDOWS\System32\msvcrt.dll
0x00007fff8f150000 - 0x00007fff8f1e7000 	C:\WINDOWS\System32\sechost.dll
0x00007fff8e5d0000 - 0x00007fff8e6f0000 	C:\WINDOWS\System32\RPCRT4.dll
0x00007fff8efb0000 - 0x00007fff8f144000 	C:\WINDOWS\System32\USER32.dll
0x00007fff8ce70000 - 0x00007fff8ce91000 	C:\WINDOWS\System32\win32u.dll
0x00007fff8ddf0000 - 0x00007fff8de16000 	C:\WINDOWS\System32\GDI32.dll
0x00007fff8db50000 - 0x00007fff8dce4000 	C:\WINDOWS\System32\gdi32full.dll
0x00007fff8ccd0000 - 0x00007fff8cd6e000 	C:\WINDOWS\System32\msvcp_win.dll
0x00007fff7c780000 - 0x00007fff7ca05000 	C:\WINDOWS\WinSxS\amd64_microsoft.windows.common-controls_6595b64144ccf1df_6.0.18362.476_none_e6c4b11b130f2595\COMCTL32.dll
0x00007fff8ec60000 - 0x00007fff8ef96000 	C:\WINDOWS\System32\combase.dll
0x00007fff8dad0000 - 0x00007fff8db50000 	C:\WINDOWS\System32\bcryptPrimitives.dll
0x00007fff863b0000 - 0x00007fff863ba000 	C:\WINDOWS\SYSTEM32\VERSION.dll
0x00007fff8eaf0000 - 0x00007fff8eb1e000 	C:\WINDOWS\System32\IMM32.DLL
0x00007fff7fec0000 - 0x00007fff7ff6a000 	C:\Program Files\Java\jdk-12.0.2\bin\msvcp140.dll
0x00007fff54440000 - 0x00007fff54fb7000 	C:\Program Files\Java\jdk-12.0.2\bin\server\jvm.dll
0x00007fff8eae0000 - 0x00007fff8eae8000 	C:\WINDOWS\System32\PSAPI.DLL
0x00007fff76e30000 - 0x00007fff76e39000 	C:\WINDOWS\SYSTEM32\WSOCK32.dll
0x00007fff8a890000 - 0x00007fff8a8b4000 	C:\WINDOWS\SYSTEM32\WINMM.dll
0x00007fff8f2e0000 - 0x00007fff8f34f000 	C:\WINDOWS\System32\WS2_32.dll
0x00007fff8a730000 - 0x00007fff8a75d000 	C:\WINDOWS\SYSTEM32\WINMMBASE.dll
0x00007fff8d770000 - 0x00007fff8d7ba000 	C:\WINDOWS\System32\cfgmgr32.dll
0x00007fff8cc20000 - 0x00007fff8cc31000 	C:\WINDOWS\System32\kernel.appcore.dll
0x00007fff85970000 - 0x00007fff85981000 	C:\Program Files\Java\jdk-12.0.2\bin\verify.dll
0x00007fff8b520000 - 0x00007fff8b714000 	C:\WINDOWS\SYSTEM32\DBGHELP.DLL
0x00007fff77970000 - 0x00007fff7799a000 	C:\WINDOWS\SYSTEM32\dbgcore.DLL
0x00007fff85940000 - 0x00007fff85966000 	C:\Program Files\Java\jdk-12.0.2\bin\java.dll
0x00007fff85920000 - 0x00007fff85937000 	C:\Program Files\Java\jdk-12.0.2\bin\zip.dll
0x00007fff8a900000 - 0x00007fff8a90a000 	C:\Program Files\Java\jdk-12.0.2\bin\jimage.dll

dbghelp: loaded successfully - version: 4.0.5 - missing functions: none
symbol engine: initialized successfully - sym options: 0x614 - pdb path: .;C:\Program Files\Java\jdk-12.0.2\bin;C:\WINDOWS\SYSTEM32;C:\WINDOWS\WinSxS\amd64_microsoft.windows.common-controls_6595b64144ccf1df_6.0.18362.476_none_e6c4b11b130f2595;C:\Program Files\Java\jdk-12.0.2\bin\server

VM Arguments:
jvm_args: -Dfile.encoding=Cp1252 
java_command: Examen
java_class_path (initial): C:\Users\Piloucu\eclipse-workspace\Examen\bin
Launcher Type: SUN_STANDARD

[Global flags]
     intx CICompilerCount                          = 3                                         {product} {ergonomic}
     uint ConcGCThreads                            = 1                                         {product} {ergonomic}
     uint G1ConcRefinementThreads                  = 4                                         {product} {ergonomic}
   size_t G1HeapRegionSize                         = 1048576                                   {product} {ergonomic}
    uintx GCDrainStackTargetSize                   = 64                                        {product} {ergonomic}
   size_t InitialHeapSize                          = 65011712                                  {product} {ergonomic}
   size_t MarkStackSize                            = 4194304                                   {product} {ergonomic}
   size_t MaxHeapSize                              = 1038090240                                {product} {ergonomic}
   size_t MinHeapDeltaBytes                        = 1048576                                   {product} {ergonomic}
    uintx NonNMethodCodeHeapSize                   = 5830732                                {pd product} {ergonomic}
    uintx NonProfiledCodeHeapSize                  = 122913754                              {pd product} {ergonomic}
    uintx ProfiledCodeHeapSize                     = 122913754                              {pd product} {ergonomic}
    uintx ReservedCodeCacheSize                    = 251658240                              {pd product} {ergonomic}
     bool SegmentedCodeCache                       = true                                      {product} {ergonomic}
     bool UseCompressedClassPointers               = true                                 {lp64_product} {ergonomic}
     bool UseCompressedOops                        = true                                 {lp64_product} {ergonomic}
     bool UseG1GC                                  = true                                      {product} {ergonomic}
     bool UseLargePagesIndividualAllocation        = false                                  {pd product} {ergonomic}

Logging:
Log output configuration:
 #0: stdout all=warning uptime,level,tags
 #1: stderr all=off uptime,level,tags

Environment Variables:
PATH=C:/Program Files/Java/jdk-12.0.2/bin/server;C:/Program Files/Java/jdk-12.0.2/bin;C:\MentorGraphics\9.5PADS\SDD_HOME\common\win32\bin;C:\MentorGraphics\9.5PADS\SDD_HOME\common\win32\lib;C:\MentorGraphics\9.5PADS\MGC_HOME.ixn\bin;C:\MentorGraphics\9.5PADS\MGC_HOME.ixn\lib;C:\Program Files (x86)\Intel\iCLS Client\;C:\Program Files\Intel\iCLS Client\;C:\WINDOWS\system32;C:\WINDOWS;C:\WINDOWS\System32\Wbem;C:\WINDOWS\System32\WindowsPowerShell\v1.0\;C:\Program Files (x86)\Intel\Intel(R) Management Engine Components\DAL;C:\Program Files\Intel\Intel(R) Management Engine Components\DAL;C:\Program Files (x86)\Intel\Intel(R) Management Engine Components\IPT;C:\Program Files\Intel\Intel(R) Management Engine Components\IPT;C:\WINDOWS\System32\OpenSSH\;C:\Users\Piloucu\AppData\Local\Microsoft\WindowsApps;;C:\MentorGraphics\9.5PADS\SDD_HOME\common\win32\lib;C:\MentorGraphics\9.5PADS\SDD_HOME\CAMCAD;C:\WINDOWS\System32;
USERNAME=Piloucu
OS=Windows_NT
PROCESSOR_IDENTIFIER=Intel64 Family 6 Model 78 Stepping 3, GenuineIntel



---------------  S Y S T E M  ---------------

OS: Windows 10 , 64 bit Build 18362 (10.0.18362.329)

CPU:total 4 (initial active 4) (2 cores per cpu, 2 threads per core) family 6 model 78 stepping 3, cmov, cx8, fxsr, mmx, sse, sse2, sse3, ssse3, sse4.1, sse4.2, popcnt, avx, avx2, aes, clmul, erms, 3dnowpref, lzcnt, ht, tsc, tscinvbit, bmi1, bmi2, adx, fma

Memory: 4k page, system-wide physical 3957M (376M free)
TotalPageFile size 16245M (AvailPageFile size 5M)
current process WorkingSet (physical memory assigned to process): 9M, peak: 9M
current process commit charge ("private bytes"): 49M, peak: 50M

vm_info: Java HotSpot(TM) 64-Bit Server VM (12.0.2+10) for windows-amd64 JRE (12.0.2+10), built on Jul 16 2019 01:56:17 by "mach5one" with MS VC++ 15.5 (VS2017)

END.
